2015-06-19 14:23:07,641 [localhost-startStop-1] ERROR StackTrace  - Full Stack Trace:
com.amazonaws.AmazonClientException: Unable to load credentials from Amazon EC2 metadata service
	at com.amazonaws.auth.InstanceProfileCredentialsProvider.handleError(InstanceProfileCredentialsProvider.java:244)
	at com.amazonaws.auth.InstanceProfileCredentialsProvider.loadCredentials(InstanceProfileCredentialsProvider.java:225)
	at com.amazonaws.auth.InstanceProfileCredentialsProvider.getCredentials(InstanceProfileCredentialsProvider.java:124)
	at com.amazonaws.services.s3.AmazonS3Client.invoke(AmazonS3Client.java:3704)
	at com.amazonaws.services.s3.AmazonS3Client.getObject(AmazonS3Client.java:1146)
	at com.amazonaws.services.s3.AmazonS3Client.getObject(AmazonS3Client.java:1018)
	at com.netflix.ice.common.AwsUtils.download(AwsUtils.java:334)
	at com.netflix.ice.common.AwsUtils.download(AwsUtils.java:329)
	at com.netflix.ice.common.AwsUtils.downloadFileIfNotExist(AwsUtils.java:317)
	at com.netflix.ice.basic.BasicReservationService.init(BasicReservationService.java:101)
	at com.netflix.ice.processor.ProcessorConfig.<init>(ProcessorConfig.java:95)
	at sun.reflect.NativeConstructorAccessorImpl.newInstance0(Native Method)
	at sun.reflect.NativeConstructorAccessorImpl.newInstance(NativeConstructorAccessorImpl.java:62)
	at sun.reflect.DelegatingConstructorAccessorImpl.newInstance(DelegatingConstructorAccessorImpl.java:45)
	at java.lang.reflect.Constructor.newInstance(Constructor.java:408)
	at org.codehaus.groovy.reflection.CachedConstructor.invoke(CachedConstructor.java:77)
	at org.codehaus.groovy.runtime.callsite.ConstructorSite$ConstructorSiteNoUnwrapNoCoerce.callConstructor(ConstructorSite.java:102)
	at org.codehaus.groovy.runtime.callsite.CallSiteArray.defaultCallConstructor(CallSiteArray.java:57)
	at org.codehaus.groovy.runtime.callsite.AbstractCallSite.callConstructor(AbstractCallSite.java:182)
	at BootStrap$_closure1.doCall(BootStrap.groovy:186)
	at sun.reflect.NativeMethodAccessorImpl.invoke0(Native Method)
	at sun.reflect.NativeMethodAccessorImpl.invoke(NativeMethodAccessorImpl.java:62)
	at sun.reflect.DelegatingMethodAccessorImpl.invoke(DelegatingMethodAccessorImpl.java:43)
	at java.lang.reflect.Method.invoke(Method.java:483)
	at org.codehaus.groovy.reflection.CachedMethod.invoke(CachedMethod.java:90)
	at groovy.lang.MetaMethod.doMethodInvoke(MetaMethod.java:324)
	at groovy.lang.MetaClassImpl.invokeMethod(MetaClassImpl.java:1207)
	at groovy.lang.ExpandoMetaClass.invokeMethod(ExpandoMetaClass.java:1110)
	at groovy.lang.MetaClassImpl.invokeMethod(MetaClassImpl.java:1016)
	at groovy.lang.MetaClassImpl.invokeMethod(MetaClassImpl.java:1081)
	at groovy.lang.ExpandoMetaClass.invokeMethod(ExpandoMetaClass.java:1110)
	at groovy.lang.MetaClassImpl.invokeMethod(MetaClassImpl.java:1016)
	at groovy.lang.Closure.call(Closure.java:423)
	at groovy.lang.Closure.call(Closure.java:417)
	at grails.util.Environment.evaluateEnvironmentSpecificBlock(Environment.java:327)
	at grails.util.Environment.executeForEnvironment(Environment.java:320)
	at grails.util.Environment.executeForCurrentEnvironment(Environment.java:296)
	at org.codehaus.groovy.grails.commons.DefaultGrailsBootstrapClass.callInit(DefaultGrailsBootstrapClass.java:60)
	at org.codehaus.groovy.grails.web.context.GrailsConfigUtils.executeGrailsBootstraps(GrailsConfigUtils.java:78)
	at org.codehaus.groovy.grails.web.context.GrailsContextLoaderListener.initWebApplicationContext(GrailsContextLoaderListener.java:110)
	at org.springframework.web.context.ContextLoaderListener.contextInitialized(ContextLoaderListener.java:106)
	at org.apache.catalina.core.StandardContext.listenerStart(StandardContext.java:4728)
	at org.apache.catalina.core.StandardContext.startInternal(StandardContext.java:5162)
	at org.apache.catalina.util.LifecycleBase.start(LifecycleBase.java:150)
	at org.apache.catalina.core.ContainerBase$StartChild.call(ContainerBase.java:1409)
	at org.apache.catalina.core.ContainerBase$StartChild.call(ContainerBase.java:1399)
	at java.util.concurrent.FutureTask.run(FutureTask.java:266)
	at java.util.concurrent.ThreadPoolExecutor.runWorker(ThreadPoolExecutor.java:1142)
	at java.util.concurrent.ThreadPoolExecutor$Worker.run(ThreadPoolExecutor.java:617)
	at java.lang.Thread.run(Thread.java:745)
Caused by: java.net.SocketTimeoutException: connect timed out
	at java.net.PlainSocketImpl.socketConnect(Native Method)
	at java.net.AbstractPlainSocketImpl.doConnect(AbstractPlainSocketImpl.java:345)
	at java.net.AbstractPlainSocketImpl.connectToAddress(AbstractPlainSocketImpl.java:206)
	at java.net.AbstractPlainSocketImpl.connect(AbstractPlainSocketImpl.java:188)
	at java.net.SocksSocketImpl.connect(SocksSocketImpl.java:392)
	at java.net.Socket.connect(Socket.java:589)
	at sun.net.NetworkClient.doConnect(NetworkClient.java:175)
	at sun.net.www.http.HttpClient.openServer(HttpClient.java:432)
	at sun.net.www.http.HttpClient.openServer(HttpClient.java:527)
	at sun.net.www.http.HttpClient.<init>(HttpClient.java:211)
	at sun.net.www.http.HttpClient.New(HttpClient.java:308)
	at sun.net.www.http.HttpClient.New(HttpClient.java:326)
	at sun.net.www.protocol.http.HttpURLConnection.getNewHttpClient(HttpURLConnection.java:1167)
	at sun.net.www.protocol.http.HttpURLConnection.plainConnect0(HttpURLConnection.java:1103)
	at sun.net.www.protocol.http.HttpURLConnection.plainConnect(HttpURLConnection.java:997)
	at sun.net.www.protocol.http.HttpURLConnection.connect(HttpURLConnection.java:931)
	at com.amazonaws.internal.EC2MetadataClient.readResource(EC2MetadataClient.java:90)
	at com.amazonaws.internal.EC2MetadataClient.getDefaultCredentials(EC2MetadataClient.java:55)
	at com.amazonaws.auth.InstanceProfileCredentialsProvider.loadCredentials(InstanceProfileCredentialsProvider.java:186)
	... 48 more
2015-06-19 14:23:07,644 [localhost-startStop-1] ERROR StackTrace  - Full Stack Trace:
java.net.SocketTimeoutException: connect timed out
	at java.net.PlainSocketImpl.socketConnect(Native Method)
	at java.net.AbstractPlainSocketImpl.doConnect(AbstractPlainSocketImpl.java:345)
	at java.net.AbstractPlainSocketImpl.connectToAddress(AbstractPlainSocketImpl.java:206)
	at java.net.AbstractPlainSocketImpl.connect(AbstractPlainSocketImpl.java:188)
	at java.net.SocksSocketImpl.connect(SocksSocketImpl.java:392)
	at java.net.Socket.connect(Socket.java:589)
	at sun.net.NetworkClient.doConnect(NetworkClient.java:175)
	at sun.net.www.http.HttpClient.openServer(HttpClient.java:432)
	at sun.net.www.http.HttpClient.openServer(HttpClient.java:527)
	at sun.net.www.http.HttpClient.<init>(HttpClient.java:211)
	at sun.net.www.http.HttpClient.New(HttpClient.java:308)
	at sun.net.www.http.HttpClient.New(HttpClient.java:326)
	at sun.net.www.protocol.http.HttpURLConnection.getNewHttpClient(HttpURLConnection.java:1167)
	at sun.net.www.protocol.http.HttpURLConnection.plainConnect0(HttpURLConnection.java:1103)
	at sun.net.www.protocol.http.HttpURLConnection.plainConnect(HttpURLConnection.java:997)
	at sun.net.www.protocol.http.HttpURLConnection.connect(HttpURLConnection.java:931)
	at com.amazonaws.internal.EC2MetadataClient.readResource(EC2MetadataClient.java:90)
	at com.amazonaws.internal.EC2MetadataClient.getDefaultCredentials(EC2MetadataClient.java:55)
	at com.amazonaws.auth.InstanceProfileCredentialsProvider.loadCredentials(InstanceProfileCredentialsProvider.java:186)
	at com.amazonaws.auth.InstanceProfileCredentialsProvider.getCredentials(InstanceProfileCredentialsProvider.java:124)
	at com.amazonaws.services.s3.AmazonS3Client.invoke(AmazonS3Client.java:3704)
	at com.amazonaws.services.s3.AmazonS3Client.getObject(AmazonS3Client.java:1146)
	at com.amazonaws.services.s3.AmazonS3Client.getObject(AmazonS3Client.java:1018)
	at com.netflix.ice.common.AwsUtils.download(AwsUtils.java:334)
	at com.netflix.ice.common.AwsUtils.download(AwsUtils.java:329)
	at com.netflix.ice.common.AwsUtils.downloadFileIfNotExist(AwsUtils.java:317)
	at com.netflix.ice.basic.BasicReservationService.init(BasicReservationService.java:101)
	at com.netflix.ice.processor.ProcessorConfig.<init>(ProcessorConfig.java:95)
	at sun.reflect.NativeConstructorAccessorImpl.newInstance0(Native Method)
	at sun.reflect.NativeConstructorAccessorImpl.newInstance(NativeConstructorAccessorImpl.java:62)
	at sun.reflect.DelegatingConstructorAccessorImpl.newInstance(DelegatingConstructorAccessorImpl.java:45)
	at java.lang.reflect.Constructor.newInstance(Constructor.java:408)
	at org.codehaus.groovy.reflection.CachedConstructor.invoke(CachedConstructor.java:77)
	at org.codehaus.groovy.runtime.callsite.ConstructorSite$ConstructorSiteNoUnwrapNoCoerce.callConstructor(ConstructorSite.java:102)
	at org.codehaus.groovy.runtime.callsite.CallSiteArray.defaultCallConstructor(CallSiteArray.java:57)
	at org.codehaus.groovy.runtime.callsite.AbstractCallSite.callConstructor(AbstractCallSite.java:182)
	at BootStrap$_closure1.doCall(BootStrap.groovy:186)
	at sun.reflect.NativeMethodAccessorImpl.invoke0(Native Method)
	at sun.reflect.NativeMethodAccessorImpl.invoke(NativeMethodAccessorImpl.java:62)
	at sun.reflect.DelegatingMethodAccessorImpl.invoke(DelegatingMethodAccessorImpl.java:43)
	at java.lang.reflect.Method.invoke(Method.java:483)
	at org.codehaus.groovy.reflection.CachedMethod.invoke(CachedMethod.java:90)
	at groovy.lang.MetaMethod.doMethodInvoke(MetaMethod.java:324)
	at groovy.lang.MetaClassImpl.invokeMethod(MetaClassImpl.java:1207)
	at groovy.lang.ExpandoMetaClass.invokeMethod(ExpandoMetaClass.java:1110)
	at groovy.lang.MetaClassImpl.invokeMethod(MetaClassImpl.java:1016)
	at groovy.lang.MetaClassImpl.invokeMethod(MetaClassImpl.java:1081)
	at groovy.lang.ExpandoMetaClass.invokeMethod(ExpandoMetaClass.java:1110)
	at groovy.lang.MetaClassImpl.invokeMethod(MetaClassImpl.java:1016)
	at groovy.lang.Closure.call(Closure.java:423)
	at groovy.lang.Closure.call(Closure.java:417)
	at grails.util.Environment.evaluateEnvironmentSpecificBlock(Environment.java:327)
	at grails.util.Environment.executeForEnvironment(Environment.java:320)
	at grails.util.Environment.executeForCurrentEnvironment(Environment.java:296)
	at org.codehaus.groovy.grails.commons.DefaultGrailsBootstrapClass.callInit(DefaultGrailsBootstrapClass.java:60)
	at org.codehaus.groovy.grails.web.context.GrailsConfigUtils.executeGrailsBootstraps(GrailsConfigUtils.java:78)
	at org.codehaus.groovy.grails.web.context.GrailsContextLoaderListener.initWebApplicationContext(GrailsContextLoaderListener.java:110)
	at org.springframework.web.context.ContextLoaderListener.contextInitialized(ContextLoaderListener.java:106)
	at org.apache.catalina.core.StandardContext.listenerStart(StandardContext.java:4728)
	at org.apache.catalina.core.StandardContext.startInternal(StandardContext.java:5162)
	at org.apache.catalina.util.LifecycleBase.start(LifecycleBase.java:150)
	at org.apache.catalina.core.ContainerBase$StartChild.call(ContainerBase.java:1409)
	at org.apache.catalina.core.ContainerBase$StartChild.call(ContainerBase.java:1399)
	at java.util.concurrent.FutureTask.run(FutureTask.java:266)
	at java.util.concurrent.ThreadPoolExecutor.runWorker(ThreadPoolExecutor.java:1142)
	at java.util.concurrent.ThreadPoolExecutor$Worker.run(ThreadPoolExecutor.java:617)
	at java.lang.Thread.run(Thread.java:745)
2015-06-19 14:23:07,645 [localhost-startStop-1] ERROR StackTrace  - Full Stack Trace:
com.amazonaws.AmazonClientException: Unable to load credentials from Amazon EC2 metadata service
	at com.amazonaws.auth.InstanceProfileCredentialsProvider.handleError(InstanceProfileCredentialsProvider.java:244)
	at com.amazonaws.auth.InstanceProfileCredentialsProvider.loadCredentials(InstanceProfileCredentialsProvider.java:225)
	at com.amazonaws.auth.InstanceProfileCredentialsProvider.getCredentials(InstanceProfileCredentialsProvider.java:124)
	at com.amazonaws.services.s3.AmazonS3Client.invoke(AmazonS3Client.java:3704)
	at com.amazonaws.services.s3.AmazonS3Client.getObject(AmazonS3Client.java:1146)
	at com.amazonaws.services.s3.AmazonS3Client.getObject(AmazonS3Client.java:1018)
	at com.netflix.ice.common.AwsUtils.download(AwsUtils.java:334)
	at com.netflix.ice.common.AwsUtils.download(AwsUtils.java:329)
	at com.netflix.ice.common.AwsUtils.downloadFileIfNotExist(AwsUtils.java:317)
	at com.netflix.ice.basic.BasicReservationService.init(BasicReservationService.java:101)
	at com.netflix.ice.processor.ProcessorConfig.<init>(ProcessorConfig.java:95)
	at BootStrap$_closure1.doCall(BootStrap.groovy:186)
	at grails.util.Environment.evaluateEnvironmentSpecificBlock(Environment.java:327)
	at grails.util.Environment.executeForEnvironment(Environment.java:320)
	at grails.util.Environment.executeForCurrentEnvironment(Environment.java:296)
	at java.util.concurrent.FutureTask.run(FutureTask.java:266)
	at java.util.concurrent.ThreadPoolExecutor.runWorker(ThreadPoolExecutor.java:1142)
	at java.util.concurrent.ThreadPoolExecutor$Worker.run(ThreadPoolExecutor.java:617)
	at java.lang.Thread.run(Thread.java:745)
Caused by: java.net.SocketTimeoutException: connect timed out
	at java.net.AbstractPlainSocketImpl.doConnect(AbstractPlainSocketImpl.java:345)
	at java.net.AbstractPlainSocketImpl.connectToAddress(AbstractPlainSocketImpl.java:206)
	at java.net.AbstractPlainSocketImpl.connect(AbstractPlainSocketImpl.java:188)
	at java.net.SocksSocketImpl.connect(SocksSocketImpl.java:392)
	at java.net.Socket.connect(Socket.java:589)
	at com.amazonaws.internal.EC2MetadataClient.readResource(EC2MetadataClient.java:90)
	at com.amazonaws.internal.EC2MetadataClient.getDefaultCredentials(EC2MetadataClient.java:55)
	at com.amazonaws.auth.InstanceProfileCredentialsProvider.loadCredentials(InstanceProfileCredentialsProvider.java:186)
	... 17 more
2015-06-19 14:23:07,645 [localhost-startStop-1] ERROR StackTrace  - Full Stack Trace:
com.amazonaws.AmazonClientException: Unable to load credentials from Amazon EC2 metadata service
	at com.amazonaws.auth.InstanceProfileCredentialsProvider.handleError(InstanceProfileCredentialsProvider.java:244)
	at com.amazonaws.auth.InstanceProfileCredentialsProvider.loadCredentials(InstanceProfileCredentialsProvider.java:225)
	at com.amazonaws.auth.InstanceProfileCredentialsProvider.getCredentials(InstanceProfileCredentialsProvider.java:124)
	at com.amazonaws.services.s3.AmazonS3Client.invoke(AmazonS3Client.java:3704)
	at com.amazonaws.services.s3.AmazonS3Client.getObject(AmazonS3Client.java:1146)
	at com.amazonaws.services.s3.AmazonS3Client.getObject(AmazonS3Client.java:1018)
	at com.netflix.ice.common.AwsUtils.download(AwsUtils.java:334)
	at com.netflix.ice.common.AwsUtils.download(AwsUtils.java:329)
	at com.netflix.ice.common.AwsUtils.downloadFileIfNotExist(AwsUtils.java:317)
	at com.netflix.ice.basic.BasicReservationService.init(BasicReservationService.java:101)
	at com.netflix.ice.processor.ProcessorConfig.<init>(ProcessorConfig.java:95)
	at BootStrap$_closure1.doCall(BootStrap.groovy:186)
	at grails.util.Environment.evaluateEnvironmentSpecificBlock(Environment.java:327)
	at grails.util.Environment.executeForEnvironment(Environment.java:320)
	at grails.util.Environment.executeForCurrentEnvironment(Environment.java:296)
	at java.util.concurrent.FutureTask.run(FutureTask.java:266)
	at java.util.concurrent.ThreadPoolExecutor.runWorker(ThreadPoolExecutor.java:1142)
	at java.util.concurrent.ThreadPoolExecutor$Worker.run(ThreadPoolExecutor.java:617)
	at java.lang.Thread.run(Thread.java:745)
Caused by: java.net.SocketTimeoutException: connect timed out
	at java.net.AbstractPlainSocketImpl.doConnect(AbstractPlainSocketImpl.java:345)
	at java.net.AbstractPlainSocketImpl.connectToAddress(AbstractPlainSocketImpl.java:206)
	at java.net.AbstractPlainSocketImpl.connect(AbstractPlainSocketImpl.java:188)
	at java.net.SocksSocketImpl.connect(SocksSocketImpl.java:392)
	at java.net.Socket.connect(Socket.java:589)
	at com.amazonaws.internal.EC2MetadataClient.readResource(EC2MetadataClient.java:90)
	at com.amazonaws.internal.EC2MetadataClient.getDefaultCredentials(EC2MetadataClient.java:55)
	at com.amazonaws.auth.InstanceProfileCredentialsProvider.loadCredentials(InstanceProfileCredentialsProvider.java:186)
	... 17 more
2015-06-19 14:23:07,646 [localhost-startStop-1] ERROR StackTrace  - Full Stack Trace:
java.net.SocketTimeoutException: connect timed out
	at java.net.AbstractPlainSocketImpl.doConnect(AbstractPlainSocketImpl.java:345)
	at java.net.AbstractPlainSocketImpl.connectToAddress(AbstractPlainSocketImpl.java:206)
	at java.net.AbstractPlainSocketImpl.connect(AbstractPlainSocketImpl.java:188)
	at java.net.SocksSocketImpl.connect(SocksSocketImpl.java:392)
	at java.net.Socket.connect(Socket.java:589)
	at com.amazonaws.internal.EC2MetadataClient.readResource(EC2MetadataClient.java:90)
	at com.amazonaws.internal.EC2MetadataClient.getDefaultCredentials(EC2MetadataClient.java:55)
	at com.amazonaws.auth.InstanceProfileCredentialsProvider.loadCredentials(InstanceProfileCredentialsProvider.java:186)
	at com.amazonaws.auth.InstanceProfileCredentialsProvider.getCredentials(InstanceProfileCredentialsProvider.java:124)
	at com.amazonaws.services.s3.AmazonS3Client.invoke(AmazonS3Client.java:3704)
	at com.amazonaws.services.s3.AmazonS3Client.getObject(AmazonS3Client.java:1146)
	at com.amazonaws.services.s3.AmazonS3Client.getObject(AmazonS3Client.java:1018)
	at com.netflix.ice.common.AwsUtils.download(AwsUtils.java:334)
	at com.netflix.ice.common.AwsUtils.download(AwsUtils.java:329)
	at com.netflix.ice.common.AwsUtils.downloadFileIfNotExist(AwsUtils.java:317)
	at com.netflix.ice.basic.BasicReservationService.init(BasicReservationService.java:101)
	at com.netflix.ice.processor.ProcessorConfig.<init>(ProcessorConfig.java:95)
	at BootStrap$_closure1.doCall(BootStrap.groovy:186)
	at grails.util.Environment.evaluateEnvironmentSpecificBlock(Environment.java:327)
	at grails.util.Environment.executeForEnvironment(Environment.java:320)
	at grails.util.Environment.executeForCurrentEnvironment(Environment.java:296)
	at java.util.concurrent.FutureTask.run(FutureTask.java:266)
	at java.util.concurrent.ThreadPoolExecutor.runWorker(ThreadPoolExecutor.java:1142)
	at java.util.concurrent.ThreadPoolExecutor$Worker.run(ThreadPoolExecutor.java:617)
	at java.lang.Thread.run(Thread.java:745)
2015-06-19 14:23:07,646 [localhost-startStop-1] ERROR StackTrace  - Full Stack Trace:
com.amazonaws.AmazonClientException: Unable to load credentials from Amazon EC2 metadata service
	at com.amazonaws.auth.InstanceProfileCredentialsProvider.handleError(InstanceProfileCredentialsProvider.java:244)
	at com.amazonaws.auth.InstanceProfileCredentialsProvider.loadCredentials(InstanceProfileCredentialsProvider.java:225)
	at com.amazonaws.auth.InstanceProfileCredentialsProvider.getCredentials(InstanceProfileCredentialsProvider.java:124)
	at com.amazonaws.services.s3.AmazonS3Client.invoke(AmazonS3Client.java:3704)
	at com.amazonaws.services.s3.AmazonS3Client.getObject(AmazonS3Client.java:1146)
	at com.amazonaws.services.s3.AmazonS3Client.getObject(AmazonS3Client.java:1018)
	at com.netflix.ice.common.AwsUtils.download(AwsUtils.java:334)
	at com.netflix.ice.common.AwsUtils.download(AwsUtils.java:329)
	at com.netflix.ice.common.AwsUtils.downloadFileIfNotExist(AwsUtils.java:317)
	at com.netflix.ice.basic.BasicReservationService.init(BasicReservationService.java:101)
	at com.netflix.ice.processor.ProcessorConfig.<init>(ProcessorConfig.java:95)
	at BootStrap$_closure1.doCall(BootStrap.groovy:186)
	at grails.util.Environment.evaluateEnvironmentSpecificBlock(Environment.java:327)
	at grails.util.Environment.executeForEnvironment(Environment.java:320)
	at grails.util.Environment.executeForCurrentEnvironment(Environment.java:296)
	at java.util.concurrent.FutureTask.run(FutureTask.java:266)
	at java.util.concurrent.ThreadPoolExecutor.runWorker(ThreadPoolExecutor.java:1142)
	at java.util.concurrent.ThreadPoolExecutor$Worker.run(ThreadPoolExecutor.java:617)
	at java.lang.Thread.run(Thread.java:745)
Caused by: java.net.SocketTimeoutException: connect timed out
	at java.net.AbstractPlainSocketImpl.doConnect(AbstractPlainSocketImpl.java:345)
	at java.net.AbstractPlainSocketImpl.connectToAddress(AbstractPlainSocketImpl.java:206)
	at java.net.AbstractPlainSocketImpl.connect(AbstractPlainSocketImpl.java:188)
	at java.net.SocksSocketImpl.connect(SocksSocketImpl.java:392)
	at java.net.Socket.connect(Socket.java:589)
	at com.amazonaws.internal.EC2MetadataClient.readResource(EC2MetadataClient.java:90)
	at com.amazonaws.internal.EC2MetadataClient.getDefaultCredentials(EC2MetadataClient.java:55)
	at com.amazonaws.auth.InstanceProfileCredentialsProvider.loadCredentials(InstanceProfileCredentialsProvider.java:186)
	... 17 more
